<?xml version="1.0" encoding="utf-8"?><testsuites><testsuite name="pytest" errors="0" failures="0" skipped="0" tests="4" time="0.080" timestamp="2026-05-22T00:10:18.277292-04:00" hostname="ev"><testcase classname="tests.test_temperature_converter" name="test_fahrenheit_to_celsius_boiling" time="0.001" /><testcase classname="tests.test_temperature_converter" name="test_fahrenheit_to_celsius_freezing" time="0.000" /><testcase classname="tests.test_temperature_converter" name="test_celsius_to_fahrenheit_body_temp" time="0.000" /><testcase classname="tests.test_temperature_converter" name="test_celsius_to_fahrenheit_freezing" time="0.000" /></testsuite></testsuites>